This is pdfTeX, Version 3.14159265-2.6-1.40.17 (TeX Live 2016/Debian) (preloaded format=pdflatex 2017.9.26)  3 NOV 2017 11:51
entering extended mode
 restricted \write18 enabled.
 %&-line parsing enabled.
**thesis.tex
(./thesis.tex
LaTeX2e <2017/01/01> patch level 3
Babel <3.9r> and hyphenation patterns for 5 language(s) loaded.
(./iitmdiss.cls
Document Class: iitmdiss 2005/03/09 Class for IIT-Madras Dissertations
(/usr/share/texlive/texmf-dist/tex/latex/base/report.cls
Document Class: report 2014/09/29 v1.4h Standard LaTeX document class
(/usr/share/texlive/texmf-dist/tex/latex/base/size12.clo
File: size12.clo 2014/09/29 v1.4h Standard LaTeX file (size option)
)
\c@part=\count79
\c@chapter=\count80
\c@section=\count81
\c@subsection=\count82
\c@subsubsection=\count83
\c@paragraph=\count84
\c@subparagraph=\count85
\c@figure=\count86
\c@table=\count87
\abovecaptionskip=\skip41
\belowcaptionskip=\skip42
\bibindent=\dimen102
)
(/usr/share/texlive/texmf-dist/tex/latex/geometry/geometry.sty
Package: geometry 2010/09/12 v5.6 Page Geometry

(/usr/share/texlive/texmf-dist/tex/latex/graphics/keyval.sty
Package: keyval 2014/10/28 v1.15 key=value parser (DPC)
\KV@toks@=\toks14
)
(/usr/share/texlive/texmf-dist/tex/generic/oberdiek/ifpdf.sty
Package: ifpdf 2016/05/14 v3.1 Provides the ifpdf switch
)
(/usr/share/texlive/texmf-dist/tex/generic/oberdiek/ifvtex.sty
Package: ifvtex 2016/05/16 v1.6 Detect VTeX and its facilities (HO)
Package ifvtex Info: VTeX not detected.
)
(/usr/share/texlive/texmf-dist/tex/generic/ifxetex/ifxetex.sty
Package: ifxetex 2010/09/12 v0.6 Provides ifxetex conditional
)
\Gm@cnth=\count88
\Gm@cntv=\count89
\c@Gm@tempcnt=\count90
\Gm@bindingoffset=\dimen103
\Gm@wd@mp=\dimen104
\Gm@odd@mp=\dimen105
\Gm@even@mp=\dimen106
\Gm@layoutwidth=\dimen107
\Gm@layoutheight=\dimen108
\Gm@layouthoffset=\dimen109
\Gm@layoutvoffset=\dimen110
\Gm@dimlist=\toks15


! Package keyval Error: compat2 undefined.

See the keyval package documentation for explanation.
Type  H <return>  for immediate help.
 ...                                              
                                                  
l.994 \ProcessOptionsKV[p]{Gm}
                              %
Try typing  <return>  to proceed.
If that doesn't work, type  X <return>  to quit.

) (/usr/share/texlive/texmf-dist/tex/latex/setspace/setspace.sty
Package: setspace 2011/12/19 v6.7a set line spacing
)
(./atbeginend.sty) (/usr/share/texlive/texmf-dist/tex/latex/caption/caption.sty
Package: caption 2016/02/21 v3.3-144 Customizing captions (AR)
(/usr/share/texlive/texmf-dist/tex/latex/caption/caption3.sty
Package: caption3 2016/05/22 v1.7-166 caption3 kernel (AR)
Package caption3 Info: TeX engine: e-TeX on input line 67.
\captionmargin=\dimen111
\captionmargin@=\dimen112
\captionwidth=\dimen113
\caption@tempdima=\dimen114
\caption@indent=\dimen115
\caption@parindent=\dimen116
\caption@hangindent=\dimen117
)
\c@ContinuedFloat=\count91
)
(/usr/share/texlive/texmf-dist/tex/latex/natbib/natbib.sty
Package: natbib 2010/09/13 8.31b (PWD, AO)
\bibhang=\skip43
\bibsep=\skip44
LaTeX Info: Redefining \cite on input line 694.
\c@NAT@ctr=\count92
)) (./t1enc.sty
Package: t1enc 1994/06/01 Standard LaTeX package
)
(/usr/share/texlive/texmf-dist/tex/latex/datetime/datetime.sty
Package: datetime 2015/03/20 v2.60 Date Time Package

(/usr/share/texlive/texmf-dist/tex/latex/etoolbox/etoolbox.sty
Package: etoolbox 2017/01/02 v2.4 e-TeX tools for LaTeX (JAW)
\etb@tempcnta=\count93


Package etoolbox Warning: Patching '\begin' failed!
(etoolbox)                '\AtBeginEnvironment' will not work.


Package etoolbox Warning: Patching '\end' failed!
(etoolbox)                '\AtEndEnvironment' will not work.


Package etoolbox Warning: Patching '\end' failed!
(etoolbox)                '\AfterEndEnvironment' will not work.

) (/usr/share/texlive/texmf-dist/tex/latex/fmtcount/fmtcount.sty
Package: fmtcount 2015/05/05 v3.01

(/usr/share/texlive/texmf-dist/tex/latex/base/ifthen.sty
Package: ifthen 2014/09/29 v1.1c Standard LaTeX ifthen package (DPC)
)
(/usr/share/texlive/texmf-dist/tex/latex/xkeyval/xkeyval.sty
Package: xkeyval 2014/12/03 v2.7a package option processing (HA)

(/usr/share/texlive/texmf-dist/tex/generic/xkeyval/xkeyval.tex
(/usr/share/texlive/texmf-dist/tex/generic/xkeyval/xkvutils.tex
\XKV@toks=\toks16
\XKV@tempa@toks=\toks17
)
\XKV@depth=\count94
File: xkeyval.tex 2014/12/03 v2.7a key=value parser (HA)
))
(/usr/share/texlive/texmf-dist/tex/latex/fmtcount/fcprefix.sty
Package: fcprefix 2012/09/28

(/usr/share/texlive/texmf-dist/tex/latex/fmtcount/fcnumparser.sty
Package: fcnumparser 2012/09/28
\fc@digit@counter=\count95
))
(/usr/share/texlive/texmf-dist/tex/latex/amsmath/amsgen.sty
File: amsgen.sty 1999/11/30 v2.0 generic functions
\@emptytoks=\toks18
\ex@=\dimen118
)
\c@padzeroesN=\count96
\fc@tmpcatcode=\count97
\@DT@modctr=\count98
\@ordinalctr=\count99
\@orgargctr=\count100
\@strctr=\count101
\@tmpstrctr=\count102
\@DT@loopN=\count103
\@DT@X=\count104

(/usr/share/texlive/texmf-dist/tex/latex/fmtcount/fc-english.def
File: fc-english.def 2013/08/17
))
(/usr/share/texlive/texmf-dist/tex/latex/datetime/datetime-defaults.sty
Package: datetime-defaults 2013/09/10
)
\@day=\count105
\@month=\count106
\@year=\count107
\c@HOUR=\count108
\c@HOURXII=\count109
\c@MINUTE=\count110
\c@TOHOUR=\count111
\c@TOMINUTE=\count112
\c@SECOND=\count113
\currenthour=\count114
\currentminute=\count115
\currentsecond=\count116
Package datetime Info: No datetime.cfg file found, using default settings on in
put line 308.
\@dtctr=\count117
\dayofyear=\count118
\dayofweek=\count119
LaTeX Info: Redefining \today on input line 736.
\dt@a=\toks19
\dt@b=\toks20
)
(/usr/share/texlive/texmf-dist/tex/latex/graphics/graphicx.sty
Package: graphicx 2014/10/28 v1.0g Enhanced LaTeX Graphics (DPC,SPQR)

(/usr/share/texlive/texmf-dist/tex/latex/graphics/graphics.sty
Package: graphics 2016/10/09 v1.0u Standard LaTeX Graphics (DPC,SPQR)

(/usr/share/texlive/texmf-dist/tex/latex/graphics/trig.sty
Package: trig 2016/01/03 v1.10 sin cos tan (DPC)
)
(/usr/share/texlive/texmf-dist/tex/latex/graphics-cfg/graphics.cfg
File: graphics.cfg 2016/06/04 v1.11 sample graphics configuration
)
Package graphics Info: Driver file: pdftex.def on input line 99.

(/usr/share/texlive/texmf-dist/tex/latex/graphics-def/pdftex.def
File: pdftex.def 2017/01/12 v0.06k Graphics/color for pdfTeX

(/usr/share/texlive/texmf-dist/tex/generic/oberdiek/infwarerr.sty
Package: infwarerr 2016/05/16 v1.4 Providing info/warning/error messages (HO)
)
(/usr/share/texlive/texmf-dist/tex/generic/oberdiek/ltxcmds.sty
Package: ltxcmds 2016/05/16 v1.23 LaTeX kernel commands for general use (HO)
)
\Gread@gobject=\count120
))
\Gin@req@height=\dimen119
\Gin@req@width=\dimen120
)
(/usr/share/texlive/texmf-dist/tex/latex/oberdiek/epstopdf.sty
Package: epstopdf 2016/05/15 v2.6 Conversion with epstopdf on the fly (HO)

(/usr/share/texlive/texmf-dist/tex/latex/oberdiek/epstopdf-base.sty
Package: epstopdf-base 2016/05/15 v2.6 Base part for package epstopdf

(/usr/share/texlive/texmf-dist/tex/latex/oberdiek/grfext.sty
Package: grfext 2016/05/16 v1.2 Manage graphics extensions (HO)

(/usr/share/texlive/texmf-dist/tex/generic/oberdiek/kvdefinekeys.sty
Package: kvdefinekeys 2016/05/16 v1.4 Define keys (HO)
))
(/usr/share/texlive/texmf-dist/tex/latex/oberdiek/kvoptions.sty
Package: kvoptions 2016/05/16 v3.12 Key value format for package options (HO)

(/usr/share/texlive/texmf-dist/tex/generic/oberdiek/kvsetkeys.sty
Package: kvsetkeys 2016/05/16 v1.17 Key value parser (HO)

(/usr/share/texlive/texmf-dist/tex/generic/oberdiek/etexcmds.sty
Package: etexcmds 2016/05/16 v1.6 Avoid name clashes with e-TeX commands (HO)

(/usr/share/texlive/texmf-dist/tex/generic/oberdiek/ifluatex.sty
Package: ifluatex 2016/05/16 v1.4 Provides the ifluatex switch (HO)
Package ifluatex Info: LuaTeX not detected.
)
Package etexcmds Info: Could not find \expanded.
(etexcmds)             That can mean that you are not using pdfTeX 1.50 or
(etexcmds)             that some package has redefined \expanded.
(etexcmds)             In the latter case, load this package earlier.
)))
(/usr/share/texlive/texmf-dist/tex/generic/oberdiek/pdftexcmds.sty
Package: pdftexcmds 2016/05/21 v0.22 Utility functions of pdfTeX for LuaTeX (HO
)
Package pdftexcmds Info: LuaTeX not detected.
Package pdftexcmds Info: \pdf@primitive is available.
Package pdftexcmds Info: \pdf@ifprimitive is available.
Package pdftexcmds Info: \pdfdraftmode found.
)
Package epstopdf-base Info: Redefining graphics rule for `.eps' on input line 4
38.
Package grfext Info: Graphics extension search list:
(grfext)             [.png,.pdf,.jpg,.mps,.jpeg,.jbig2,.jb2,.PNG,.PDF,.JPG,.JPE
G,.JBIG2,.JB2,.eps]
(grfext)             \AppendGraphicsExtensions on input line 456.

(/usr/share/texlive/texmf-dist/tex/latex/latexconfig/epstopdf-sys.cfg
File: epstopdf-sys.cfg 2010/07/13 v1.3 Configuration of (r)epstopdf for TeX Liv
e
)))
(/usr/share/texlive/texmf-dist/tex/latex/hyperref/hyperref.sty
Package: hyperref 2016/06/24 v6.83q Hypertext links for LaTeX

(/usr/share/texlive/texmf-dist/tex/generic/oberdiek/hobsub-hyperref.sty
Package: hobsub-hyperref 2016/05/16 v1.14 Bundle oberdiek, subset hyperref (HO)


(/usr/share/texlive/texmf-dist/tex/generic/oberdiek/hobsub-generic.sty
Package: hobsub-generic 2016/05/16 v1.14 Bundle oberdiek, subset generic (HO)
Package: hobsub 2016/05/16 v1.14 Construct package bundles (HO)
Package hobsub Info: Skipping package `infwarerr' (already loaded).
Package hobsub Info: Skipping package `ltxcmds' (already loaded).
Package hobsub Info: Skipping package `ifluatex' (already loaded).
Package hobsub Info: Skipping package `ifvtex' (already loaded).
Package: intcalc 2016/05/16 v1.2 Expandable calculations with integers (HO)
Package hobsub Info: Skipping package `ifpdf' (already loaded).
Package hobsub Info: Skipping package `etexcmds' (already loaded).
Package hobsub Info: Skipping package `kvsetkeys' (already loaded).
Package hobsub Info: Skipping package `kvdefinekeys' (already loaded).
Package hobsub Info: Skipping package `pdftexcmds' (already loaded).
Package: pdfescape 2016/05/16 v1.14 Implements pdfTeX's escape features (HO)
Package: bigintcalc 2016/05/16 v1.4 Expandable calculations on big integers (HO
)
Package: bitset 2016/05/16 v1.2 Handle bit-vector datatype (HO)
Package: uniquecounter 2016/05/16 v1.3 Provide unlimited unique counter (HO)
)
Package hobsub Info: Skipping package `hobsub' (already loaded).
Package: letltxmacro 2016/05/16 v1.5 Let assignment for LaTeX macros (HO)
Package: hopatch 2016/05/16 v1.3 Wrapper for package hooks (HO)
Package: xcolor-patch 2016/05/16 xcolor patch
Package: atveryend 2016/05/16 v1.9 Hooks at the very end of document (HO)
Package: atbegshi 2016/06/09 v1.18 At begin shipout hook (HO)
Package: refcount 2016/05/16 v3.5 Data extraction from label references (HO)
Package: hycolor 2016/05/16 v1.8 Color options for hyperref/bookmark (HO)
)
(/usr/share/texlive/texmf-dist/tex/latex/oberdiek/auxhook.sty
Package: auxhook 2016/05/16 v1.4 Hooks for auxiliary files (HO)
)
\@linkdim=\dimen121
\Hy@linkcounter=\count121
\Hy@pagecounter=\count122

(/usr/share/texlive/texmf-dist/tex/latex/hyperref/pd1enc.def
File: pd1enc.def 2016/06/24 v6.83q Hyperref: PDFDocEncoding definition (HO)
)
\Hy@SavedSpaceFactor=\count123

(/usr/share/texlive/texmf-dist/tex/latex/latexconfig/hyperref.cfg
File: hyperref.cfg 2002/06/06 v1.2 hyperref configuration of TeXLive
)
Package hyperref Info: Hyper figures OFF on input line 4486.
Package hyperref Info: Link nesting OFF on input line 4491.
Package hyperref Info: Hyper index ON on input line 4494.
Package hyperref Info: Plain pages OFF on input line 4501.
Package hyperref Info: Backreferencing OFF on input line 4506.
Package hyperref Info: Implicit mode ON; LaTeX internals redefined.
Package hyperref Info: Bookmarks ON on input line 4735.
\c@Hy@tempcnt=\count124

(/usr/share/texlive/texmf-dist/tex/latex/url/url.sty
\Urlmuskip=\muskip10
Package: url 2013/09/16  ver 3.4  Verb mode for urls, etc.
)
LaTeX Info: Redefining \url on input line 5088.
\XeTeXLinkMargin=\dimen122
\Fld@menulength=\count125
\Field@Width=\dimen123
\Fld@charsize=\dimen124
Package hyperref Info: Hyper figures OFF on input line 6342.
Package hyperref Info: Link nesting OFF on input line 6347.
Package hyperref Info: Hyper index ON on input line 6350.
Package hyperref Info: backreferencing OFF on input line 6357.
Package hyperref Info: Link coloring OFF on input line 6362.
Package hyperref Info: Link coloring with OCG OFF on input line 6367.
Package hyperref Info: PDF/A mode OFF on input line 6372.
LaTeX Info: Redefining \ref on input line 6412.
LaTeX Info: Redefining \pageref on input line 6416.
\Hy@abspage=\count126
\c@Item=\count127
\c@Hfootnote=\count128
)

Package hyperref Message: Driver (autodetected): hpdftex.

(/usr/share/texlive/texmf-dist/tex/latex/hyperref/hpdftex.def
File: hpdftex.def 2016/06/24 v6.83q Hyperref driver for pdfTeX
\Fld@listcount=\count129
\c@bookmark@seq@number=\count130

(/usr/share/texlive/texmf-dist/tex/latex/oberdiek/rerunfilecheck.sty
Package: rerunfilecheck 2016/05/16 v1.8 Rerun checks for auxiliary files (HO)
Package uniquecounter Info: New unique counter `rerunfilecheck' on input line 2
82.
)
\Hy@SectionHShift=\skip45
)
(/usr/share/texlive/texmf-dist/tex/latex/amsmath/amsmath.sty
Package: amsmath 2016/11/05 v2.16a AMS math features
\@mathmargin=\skip46

For additional information on amsmath, use the `?' option.
(/usr/share/texlive/texmf-dist/tex/latex/amsmath/amstext.sty
Package: amstext 2000/06/29 v2.01 AMS text
)
(/usr/share/texlive/texmf-dist/tex/latex/amsmath/amsbsy.sty
Package: amsbsy 1999/11/29 v1.2d Bold Symbols
\pmbraise@=\dimen125
)
(/usr/share/texlive/texmf-dist/tex/latex/amsmath/amsopn.sty
Package: amsopn 2016/03/08 v2.02 operator names
)
\inf@bad=\count131
LaTeX Info: Redefining \frac on input line 213.
\uproot@=\count132
\leftroot@=\count133
LaTeX Info: Redefining \overline on input line 375.
\classnum@=\count134
\DOTSCASE@=\count135
LaTeX Info: Redefining \ldots on input line 472.
LaTeX Info: Redefining \dots on input line 475.
LaTeX Info: Redefining \cdots on input line 596.
\Mathstrutbox@=\box26
\strutbox@=\box27
\big@size=\dimen126
LaTeX Font Info:    Redeclaring font encoding OML on input line 712.
LaTeX Font Info:    Redeclaring font encoding OMS on input line 713.
\macc@depth=\count136
\c@MaxMatrixCols=\count137
\dotsspace@=\muskip11
\c@parentequation=\count138
\dspbrk@lvl=\count139
\tag@help=\toks21
\row@=\count140
\column@=\count141
\maxfields@=\count142
\andhelp@=\toks22
\eqnshift@=\dimen127
\alignsep@=\dimen128
\tagshift@=\dimen129
\tagwidth@=\dimen130
\totwidth@=\dimen131
\lineht@=\dimen132
\@envbody=\toks23
\multlinegap=\skip47
\multlinetaggap=\skip48
\mathdisplay@stack=\toks24
LaTeX Info: Redefining \[ on input line 2817.
LaTeX Info: Redefining \] on input line 2818.
) (./thesis.aux)
\openout1 = `thesis.aux'.

LaTeX Font Info:    Checking defaults for OML/cmm/m/it on input line 14.
LaTeX Font Info:    ... okay on input line 14.
LaTeX Font Info:    Checking defaults for T1/cmr/m/n on input line 14.
LaTeX Font Info:    ... okay on input line 14.
LaTeX Font Info:    Checking defaults for OT1/cmr/m/n on input line 14.
LaTeX Font Info:    ... okay on input line 14.
LaTeX Font Info:    Checking defaults for OMS/cmsy/m/n on input line 14.
LaTeX Font Info:    ... okay on input line 14.
LaTeX Font Info:    Checking defaults for OMX/cmex/m/n on input line 14.
LaTeX Font Info:    ... okay on input line 14.
LaTeX Font Info:    Checking defaults for U/cmr/m/n on input line 14.
LaTeX Font Info:    ... okay on input line 14.
LaTeX Font Info:    Checking defaults for PD1/pdf/m/n on input line 14.
LaTeX Font Info:    ... okay on input line 14.

*geometry* driver: auto-detecting
*geometry* detected driver: pdftex
*geometry* verbose mode - [ preamble ] result:
* driver: pdftex
* paper: a4paper
* layout: <same size as paper>
* layoutoffset:(h,v)=(0.0pt,0.0pt)
* modes: 
* h-part:(L,W,R)=(108.405pt, 416.83289pt, 72.26999pt)
* v-part:(T,H,B)=(72.26999pt, 724.57224pt, 48.20462pt)
* \paperwidth=597.50787pt
* \paperheight=845.04684pt
* \textwidth=416.83289pt
* \textheight=724.57224pt
* \oddsidemargin=36.13501pt
* \evensidemargin=36.13501pt
* \topmargin=0.0pt
* \headheight=0.0pt
* \headsep=0.0pt
* \topskip=12.0pt
* \footskip=30.0pt
* \marginparwidth=35.0pt
* \marginparsep=10.0pt
* \columnsep=10.0pt
* \skip\footins=10.8pt plus 4.0pt minus 2.0pt
* \hoffset=0.0pt
* \voffset=0.0pt
* \mag=1000
* \@twocolumnfalse
* \@twosidefalse
* \@mparswitchfalse
* \@reversemarginfalse
* (1in=72.27pt=25.4mm, 1cm=28.453pt)

Package caption Info: Begin \AtBeginDocument code.
Package caption Info: hyperref package is loaded.
Package caption Info: End \AtBeginDocument code.
(/usr/share/texlive/texmf-dist/tex/context/base/mkii/supp-pdf.mkii
[Loading MPS to PDF converter (version 2006.09.02).]
\scratchcounter=\count143
\scratchdimen=\dimen133
\scratchbox=\box28
\nofMPsegments=\count144
\nofMParguments=\count145
\everyMPshowfont=\toks25
\MPscratchCnt=\count146
\MPscratchDim=\dimen134
\MPnumerator=\count147
\makeMPintoPDFobject=\count148
\everyMPtoPDFconversion=\toks26
)
\AtBeginShipoutBox=\box29
Package hyperref Info: Link coloring OFF on input line 14.
 (/usr/share/texlive/texmf-dist/tex/latex/hyperref/nameref.sty
Package: nameref 2016/05/21 v2.44 Cross-referencing by name of section

(/usr/share/texlive/texmf-dist/tex/generic/oberdiek/gettitlestring.sty
Package: gettitlestring 2016/05/16 v1.5 Cleanup title references (HO)
)
\c@section@level=\count149
)
LaTeX Info: Redefining \ref on input line 14.
LaTeX Info: Redefining \pageref on input line 14.
LaTeX Info: Redefining \nameref on input line 14.

(./thesis.out) (./thesis.out)
\@outlinefile=\write3
\openout3 = `thesis.out'.

 <iitm.pdf, id=144, 109.40875pt x 109.40875pt>
File: iitm.pdf Graphic file (type pdf)

<use iitm.pdf>
Package pdftex.def Info: iitm.pdf used on input line 31.
(pdftex.def)             Requested size: 109.40846pt x 109.40846pt.
 [0

{/var/lib/texmf/fonts/map/pdftex/updmap/pdftex.map} <./iitm.pdf>]
Certificate
pdfTeX warning (ext4): destination with the same identifier (name{page.}) has b
een already used, duplicate ignored
<to be read again> 
                   \relax 
l.69 \acknowledgements
                       [0

] [1

] [2

] (./thesis.toc [3

])
\tf@toc=\write4
\openout4 = `thesis.toc'.

 [4] (./thesis.lof)
\tf@lof=\write5
\openout5 = `thesis.lof'.


[5

]
CHAPTER 1.
[1


] [2] [3]
CHAPTER 2.
<Images/cirrin.png, id=280, 329.23pt x 329.23pt>
File: Images/cirrin.png Graphic file (type png)
 <use Images/cirrin.png>
Package pdftex.def Info: Images/cirrin.png used on input line 174.
(pdftex.def)             Requested size: 223.87343pt x 223.87343pt.

<Images/quickwriting.jpg, id=282, 418.56375pt x 412.54124pt>
File: Images/quickwriting.jpg Graphic file (type jpg)

<use Images/quickwriting.jpg>
Package pdftex.def Info: Images/quickwriting.jpg used on input line 179.
(pdftex.def)             Requested size: 292.99261pt x 288.7769pt.


LaTeX Warning: `!h' float specifier changed to `!ht'.

[4

 <./Images/cirrin.png>] <Images/dvorak.png, id=290, 1204.5pt x 401.5pt>
File: Images/dvorak.png Graphic file (type png)

<use Images/dvorak.png>
Package pdftex.def Info: Images/dvorak.png used on input line 189.
(pdftex.def)             Requested size: 421.58131pt x 140.5271pt.

Overfull \hbox (4.74843pt too wide) in paragraph at lines 189--190
 [][] 
 []


LaTeX Warning: `!h' float specifier changed to `!ht'.

<Images/colemak.png, id=291, 803.0pt x 268.00125pt>
File: Images/colemak.png Graphic file (type png)
 <use Images/colemak.png>
Package pdftex.def Info: Images/colemak.png used on input line 195.
(pdftex.def)             Requested size: 421.56906pt x 140.69865pt.

Overfull \hbox (4.73618pt too wide) in paragraph at lines 195--196
 [][] 
 []


LaTeX Warning: `!h' float specifier changed to `!ht'.

<Images/workman.png, id=292, 903.375pt x 301.125pt>
File: Images/workman.png Graphic file (type png)
 <use Images/workman.png>
Package pdftex.def Info: Images/workman.png used on input line 201.
(pdftex.def)             Requested size: 424.58632pt x 141.52876pt.

Overfull \hbox (7.75343pt too wide) in paragraph at lines 201--202
 [][] 
 []


LaTeX Warning: `!h' float specifier changed to `!ht'.

<Images/maltron.jpg, id=293, 123.3408pt x 70.1019pt>
File: Images/maltron.jpg Graphic file (type jpg)
 <use Images/maltron.jpg>
Package pdftex.def Info: Images/maltron.jpg used on input line 207.
(pdftex.def)             Requested size: 419.35689pt x 238.3454pt.

Overfull \hbox (2.524pt too wide) in paragraph at lines 207--208
 [][] 
 []


LaTeX Warning: `!h' float specifier changed to `!ht'.

<Images/typematrix.png, id=294, 2710.125pt x 1204.5pt>
File: Images/typematrix.png Graphic file (type png)

<use Images/typematrix.png>
Package pdftex.def Info: Images/typematrix.png used on input line 213.
(pdftex.def)             Requested size: 433.62886pt x 192.72394pt.

Overfull \hbox (16.79597pt too wide) in paragraph at lines 213--214
 [][] 
 []


LaTeX Warning: `!h' float specifier changed to `!ht'.

<Images/dvorak_left_hand.png, id=295, 1255.69125pt x 493.845pt>
File: Images/dvorak_left_hand.png Graphic file (type png)

<use Images/dvorak_left_hand.png>
Package pdftex.def Info: Images/dvorak_left_hand.png used on input line 219.
(pdftex.def)             Requested size: 439.49852pt x 172.84833pt.

Overfull \hbox (22.66563pt too wide) in paragraph at lines 219--220
 [][] 
 []


LaTeX Warning: `!h' float specifier changed to `!ht'.

<Images/dvorak_right_hand.png, id=296, 1255.69125pt x 493.845pt>
File: Images/dvorak_right_hand.png Graphic file (type png)

<use Images/dvorak_right_hand.png>
Package pdftex.def Info: Images/dvorak_right_hand.png used on input line 225.
(pdftex.def)             Requested size: 439.49852pt x 172.84833pt.

Overfull \hbox (22.66563pt too wide) in paragraph at lines 225--226
 [][] 
 []


LaTeX Warning: `!h' float specifier changed to `!ht'.

[5 <./Images/quickwriting.jpg>]
Overfull \hbox (17.16849pt too wide) in paragraph at lines 235--235
[]\T1/cmr/bx/n/17.28 Existing Study on Ges-ture Op-ti-mized Key-boards 
 []

[6 <./Images/dvorak.png> <./Images/colemak.png> <./Images/workman.png>]

LaTeX Warning: Text page 7 contains only floats.

[7 <./Images/maltron.jpg> <./Images/typematrix.png (PNG copy)> <./Images/dvorak
_left_hand.png>] <Images/gkc.png, id=315, 441.65pt x 215.80624pt>
File: Images/gkc.png Graphic file (type png)

<use Images/gkc.png>
Package pdftex.def Info: Images/gkc.png used on input line 252.
(pdftex.def)             Requested size: 287.06909pt x 140.27238pt.


LaTeX Warning: `!h' float specifier changed to `!ht'.

<Images/gks.png, id=316, 441.65pt x 215.80624pt>
File: Images/gks.png Graphic file (type png)
 <use Images/gks.png>
Package pdftex.def Info: Images/gks.png used on input line 257.
(pdftex.def)             Requested size: 287.06909pt x 140.27238pt.


LaTeX Warning: `!h' float specifier changed to `!ht'.

<Images/gkd.png, id=317, 441.65pt x 215.80624pt>
File: Images/gkd.png Graphic file (type png)
 <use Images/gkd.png>
Package pdftex.def Info: Images/gkd.png used on input line 262.
(pdftex.def)             Requested size: 287.06909pt x 140.27238pt.


LaTeX Warning: `!h' float specifier changed to `!ht'.

<Images/gkt.png, id=318, 441.65pt x 215.80624pt>
File: Images/gkt.png Graphic file (type png)
 <use Images/gkt.png>
Package pdftex.def Info: Images/gkt.png used on input line 267.
(pdftex.def)             Requested size: 287.06909pt x 140.27238pt.


LaTeX Warning: `!h' float specifier changed to `!ht'.

[8 <./Images/dvorak_right_hand.png>]

LaTeX Warning: Text page 9 contains only floats.

[9 <./Images/gkc.png> <./Images/gks.png> <./Images/gkd.png> <./Images/gkt.png>]
<Images/svc.png, id=337, 649.67719pt x 577.40718pt>
File: Images/svc.png Graphic file (type png)
 <use Images/svc.png>
Package pdftex.def Info: Images/svc.png used on input line 279.
(pdftex.def)             Requested size: 324.8378pt x 288.70288pt.

[10 <./Images/svc.png>]
CHAPTER 3.
[11

] [12] [13]
CHAPTER 4.
[14

] [15]
CHAPTER 5.
<Images/iqmod.png, id=399, 234.1247pt x 172.39406pt>
File: Images/iqmod.png Graphic file (type png)
 <use Images/iqmod.png>
Package pdftex.def Info: Images/iqmod.png used on input line 360.
(pdftex.def)             Requested size: 234.12411pt x 172.39363pt.

[16

 <./Images/iqmod.png>]
Underfull \hbox (badness 10000) in paragraph at lines 374--376

 []

[17] [18]
CHAPTER 6.
[19

] [20]
CHAPTER 7.
<Images/accuracy.png, id=434, 762.59906pt x 504.38437pt>
File: Images/accuracy.png Graphic file (type png)

<use Images/accuracy.png>
Package pdftex.def Info: Images/accuracy.png used on input line 420.
(pdftex.def)             Requested size: 381.2986pt x 252.19156pt.
 [21

 <./Images/accuracy.png>]
<Images/result.png, id=439, 867.24pt x 433.62pt>
File: Images/result.png Graphic file (type png)
 <use Images/result.png>
Package pdftex.def Info: Images/result.png used on input line 429.
(pdftex.def)             Requested size: 433.61894pt x 216.80946pt.

Overfull \hbox (16.78606pt too wide) in paragraph at lines 429--430
 [][] 
 []

[22 <./Images/result.png>] [23]
CHAPTER 8.
[24

]
CHAPTER 9.
(./thesis.bbl [25

]
LaTeX Font Info:    Try loading font information for T1+cmtt on input line 32.
 (/usr/share/texlive/texmf-dist/tex/latex/base/t1cmtt.fd
File: t1cmtt.fd 2014/09/29 v2.5h Standard LaTeX font definitions
))
Package atveryend Info: Empty hook `BeforeClearDocument' on input line 454.

[26

]
Package atveryend Info: Empty hook `AfterLastShipout' on input line 454.
 (./thesis.aux)
Package atveryend Info: Executing hook `AtVeryEndDocument' on input line 454.
Package atveryend Info: Executing hook `AtEndAfterFileList' on input line 454.
Package rerunfilecheck Info: File `thesis.out' has not changed.
(rerunfilecheck)             Checksum: 2DFD6C92027AFFA66DAA4F34299EFB01;2227.
 ) 
Here is how much of TeX's memory you used:
 9119 strings out of 494902
 135590 string characters out of 6179891
 239618 words of memory out of 5000000
 12152 multiletter control sequences out of 15000+600000
 14205 words of font info for 36 fonts, out of 8000000 for 9000
 36 hyphenation exceptions out of 8191
 43i,7n,77p,1072b,399s stack positions out of 5000i,500n,10000p,200000b,80000s
 </home/mohan/.texlive2016/texmf-var/fonts/pk/ljfour/jknappen/ec/ectt1200.600
pk> </home/mohan/.texlive2016/texmf-var/fonts/pk/ljfour/jknappen/ec/ecrm0800.60
0pk> </home/mohan/.texlive2016/texmf-var/fonts/pk/ljfour/jknappen/ec/ecrm1200.6
00pk> </home/mohan/.texlive2016/texmf-var/fonts/pk/ljfour/jknappen/ec/ecbx1200.
600pk> </home/mohan/.texlive2016/texmf-var/fonts/pk/ljfour/jknappen/ec/ecbx1440
.600pk> </home/mohan/.texlive2016/texmf-var/fonts/pk/ljfour/jknappen/ec/ecti120
0.600pk> </home/mohan/.texlive2016/texmf-var/fonts/pk/ljfour/jknappen/ec/ecbx17
28.600pk></usr/share/texlive/texmf-dist/fonts/type1/public/amsfonts/cm/cmex10.p
fb></usr/share/texlive/texmf-dist/fonts/type1/public/amsfonts/cm/cmmi12.pfb></u
sr/share/texlive/texmf-dist/fonts/type1/public/amsfonts/cm/cmmi6.pfb></usr/shar
e/texlive/texmf-dist/fonts/type1/public/amsfonts/cm/cmmi8.pfb></usr/share/texli
ve/texmf-dist/fonts/type1/public/amsfonts/cm/cmr12.pfb></usr/share/texlive/texm
f-dist/fonts/type1/public/amsfonts/cm/cmr8.pfb></usr/share/texlive/texmf-dist/f
onts/type1/public/amsfonts/cm/cmsy10.pfb></usr/share/texlive/texmf-dist/fonts/t
ype1/public/amsfonts/cm/cmsy8.pfb>
Output written on thesis.pdf (33 pages, 3649146 bytes).
PDF statistics:
 845 PDF objects out of 1000 (max. 8388607)
 461 compressed objects within 5 object streams
 111 named destinations out of 1000 (max. 500000)
 371 words of extra memory for PDF output out of 10000 (max. 10000000)

